# explain.depesz.com - Ğ’Ğ¸Ğ·ÑƒĞ°Ğ»Ğ¸Ğ·Ğ°Ñ‚Ğ¾Ñ€ Ğ¿Ğ»Ğ°Ğ½Ğ¾Ğ² EXPLAIN

## Ğ’Ğ²ĞµĞ´ĞµĞ½Ğ¸Ğµ

**explain.depesz.com** - ÑÑ‚Ğ¾ Ğ±ĞµÑĞ¿Ğ»Ğ°Ñ‚Ğ½Ñ‹Ğ¹ Ğ¾Ğ½Ğ»Ğ°Ğ¹Ğ½-Ğ¸Ğ½ÑÑ‚Ñ€ÑƒĞ¼ĞµĞ½Ñ‚ Ğ´Ğ»Ñ Ğ²Ğ¸Ğ·ÑƒĞ°Ğ»Ğ¸Ğ·Ğ°Ñ†Ğ¸Ğ¸ Ğ¸ Ğ°Ğ½Ğ°Ğ»Ğ¸Ğ·Ğ° Ğ¿Ğ»Ğ°Ğ½Ğ¾Ğ² Ğ²Ñ‹Ğ¿Ğ¾Ğ»Ğ½ĞµĞ½Ğ¸Ñ Ğ·Ğ°Ğ¿Ñ€Ğ¾ÑĞ¾Ğ² PostgreSQL. Ğ¡Ğ¾Ğ·Ğ´Ğ°Ğ½ Ğ¥ÑƒĞ±ĞµÑ€Ñ‚Ğ¾Ğ¼ Ğ”ĞµĞ¿ĞµÑˆĞµĞ¼ Ğ›ÑƒĞ±Ğ°ÑˆĞºĞ¾ (Hubert depesz Lubaczewski) - Ğ¸Ğ·Ğ²ĞµÑÑ‚Ğ½Ñ‹Ğ¼ PostgreSQL-ÑĞºÑĞ¿ĞµÑ€Ñ‚Ğ¾Ğ¼.

## ĞŸĞ¾Ñ‡ĞµĞ¼Ñƒ depesz?

Ğ¢ĞµĞºÑÑ‚Ğ¾Ğ²Ñ‹Ğ¹ Ğ²Ñ‹Ğ²Ğ¾Ğ´ EXPLAIN Ğ¼Ğ¾Ğ¶ĞµÑ‚ Ğ±Ñ‹Ñ‚ÑŒ ÑĞ»Ğ¾Ğ¶ĞµĞ½ Ğ´Ğ»Ñ Ğ²Ğ¾ÑĞ¿Ñ€Ğ¸ÑÑ‚Ğ¸Ñ, Ğ¾ÑĞ¾Ğ±ĞµĞ½Ğ½Ğ¾ Ğ´Ğ»Ñ Ğ±Ğ¾Ğ»ÑŒÑˆĞ¸Ñ… Ğ·Ğ°Ğ¿Ñ€Ğ¾ÑĞ¾Ğ² Ñ Ğ¼Ğ½Ğ¾Ğ¶ĞµÑÑ‚Ğ²Ğ¾Ğ¼ ÑĞ¾ĞµĞ´Ğ¸Ğ½ĞµĞ½Ğ¸Ğ¹. depesz Ğ¿Ñ€ĞµĞ¾Ğ±Ñ€Ğ°Ğ·ÑƒĞµÑ‚ Ğ¿Ğ»Ğ°Ğ½ Ğ² ÑƒĞ´Ğ¾Ğ±Ğ½ÑƒÑ Ñ‚Ğ°Ğ±Ğ»Ğ¸Ñ†Ñƒ Ñ Ñ†Ğ²ĞµÑ‚Ğ¾Ğ²Ğ¾Ğ¹ Ğ¸Ğ½Ğ´Ğ¸ĞºĞ°Ñ†Ğ¸ĞµĞ¹ Ğ¿Ñ€Ğ¾Ğ±Ğ»ĞµĞ¼Ğ½Ñ‹Ñ… Ğ¼ĞµÑÑ‚.

### ĞŸÑ€ĞµĞ¸Ğ¼ÑƒÑ‰ĞµÑÑ‚Ğ²Ğ° Ğ¸Ğ½ÑÑ‚Ñ€ÑƒĞ¼ĞµĞ½Ñ‚Ğ°

- **Ğ‘ĞµÑĞ¿Ğ»Ğ°Ñ‚Ğ½Ñ‹Ğ¹ Ğ¸ Ğ½Ğµ Ñ‚Ñ€ĞµĞ±ÑƒĞµÑ‚ ÑƒÑÑ‚Ğ°Ğ½Ğ¾Ğ²ĞºĞ¸**
- **Ğ¦Ğ²ĞµÑ‚Ğ¾Ğ²Ğ°Ñ Ğ¸Ğ½Ğ´Ğ¸ĞºĞ°Ñ†Ğ¸Ñ** Ğ¿Ñ€Ğ¾Ğ±Ğ»ĞµĞ¼Ğ½Ñ‹Ñ… ÑƒĞ·Ğ»Ğ¾Ğ²
- **Ğ Ğ°ÑÑ‡ĞµÑ‚ ÑĞºÑĞºĞ»ÑĞ·Ğ¸Ğ²Ğ½Ğ¾Ğ³Ğ¾ Ğ²Ñ€ĞµĞ¼ĞµĞ½Ğ¸** Ğ´Ğ»Ñ ĞºĞ°Ğ¶Ğ´Ğ¾Ğ³Ğ¾ ÑƒĞ·Ğ»Ğ°
- **Ğ’Ğ¾Ğ·Ğ¼Ğ¾Ğ¶Ğ½Ğ¾ÑÑ‚ÑŒ Ğ´ĞµĞ»Ğ¸Ñ‚ÑŒÑÑ Ğ¿Ğ»Ğ°Ğ½Ğ°Ğ¼Ğ¸** Ğ¿Ğ¾ ÑÑÑ‹Ğ»ĞºĞµ
- **ĞŸĞ¾Ğ´Ğ´ĞµÑ€Ğ¶ĞºĞ° Ğ²ÑĞµÑ… Ñ„Ğ¾Ñ€Ğ¼Ğ°Ñ‚Ğ¾Ğ²** (TEXT, JSON, XML, YAML)

## ĞšĞ°Ğº Ğ¸ÑĞ¿Ğ¾Ğ»ÑŒĞ·Ğ¾Ğ²Ğ°Ñ‚ÑŒ

### Ğ¨Ğ°Ğ³ 1: ĞŸĞ¾Ğ»ÑƒÑ‡Ğ¸Ñ‚Ğµ Ğ¿Ğ»Ğ°Ğ½ Ğ·Ğ°Ğ¿Ñ€Ğ¾ÑĞ°

Ğ’Ñ‹Ğ¿Ğ¾Ğ»Ğ½Ğ¸Ñ‚Ğµ Ğ·Ğ°Ğ¿Ñ€Ğ¾Ñ Ñ EXPLAIN ANALYZE Ğ² PostgreSQL:

```sql
EXPLAIN (ANALYZE, COSTS, VERBOSE, BUFFERS, FORMAT TEXT)
SELECT c.name, COUNT(o.id) as total_orders, SUM(o.amount) as total_amount
FROM customers c
JOIN orders o ON c.id = o.customer_id
WHERE o.created_at >= '2024-01-01'
GROUP BY c.id, c.name
HAVING SUM(o.amount) > 1000
ORDER BY total_amount DESC
LIMIT 100;
```

### Ğ¨Ğ°Ğ³ 2: Ğ¡ĞºĞ¾Ğ¿Ğ¸Ñ€ÑƒĞ¹Ñ‚Ğµ Ñ€ĞµĞ·ÑƒĞ»ÑŒÑ‚Ğ°Ñ‚

Ğ¡ĞºĞ¾Ğ¿Ğ¸Ñ€ÑƒĞ¹Ñ‚Ğµ Ğ²ĞµÑÑŒ Ğ²Ñ‹Ğ²Ğ¾Ğ´ EXPLAIN, Ğ²ĞºĞ»ÑÑ‡Ğ°Ñ Ğ²Ñ€ĞµĞ¼Ñ Ğ¿Ğ»Ğ°Ğ½Ğ¸Ñ€Ğ¾Ğ²Ğ°Ğ½Ğ¸Ñ Ğ¸ Ğ²Ñ‹Ğ¿Ğ¾Ğ»Ğ½ĞµĞ½Ğ¸Ñ:

```
Limit  (cost=1500.23..1500.48 rows=100 width=52) (actual time=89.123..89.156 rows=100 loops=1)
  ->  Sort  (cost=1500.23..1502.73 rows=1000 width=52) (actual time=89.120..89.145 rows=100 loops=1)
        Sort Key: (sum(o.amount)) DESC
        Sort Method: top-N heapsort  Memory: 32kB
        ->  HashAggregate  (cost=1450.00..1472.50 rows=1000 width=52) (actual time=85.234..87.567 rows=2500 loops=1)
              Group Key: c.id
              Filter: (sum(o.amount) > '1000'::numeric)
              Batches: 1  Memory Usage: 512kB
              Rows Removed by Filter: 1500
              ->  Hash Join  (cost=125.00..1350.00 rows=20000 width=20) (actual time=2.345..65.789 rows=45000 loops=1)
                    Hash Cond: (o.customer_id = c.id)
                    ->  Seq Scan on orders o  (cost=0.00..1100.00 rows=20000 width=16) (actual time=0.015..35.234 rows=45000 loops=1)
                          Filter: (created_at >= '2024-01-01'::date)
                          Rows Removed by Filter: 55000
                    ->  Hash  (cost=100.00..100.00 rows=2000 width=12) (actual time=2.123..2.124 rows=2000 loops=1)
                          Buckets: 2048  Batches: 1  Memory Usage: 96kB
                          ->  Seq Scan on customers c  (cost=0.00..100.00 rows=2000 width=12) (actual time=0.008..1.234 rows=2000 loops=1)
Planning Time: 0.567 ms
Execution Time: 89.456 ms
```

### Ğ¨Ğ°Ğ³ 3: Ğ’ÑÑ‚Ğ°Ğ²ÑŒÑ‚Ğµ Ğ² depesz

1. ĞÑ‚ĞºÑ€Ğ¾Ğ¹Ñ‚Ğµ https://explain.depesz.com/
2. Ğ’ÑÑ‚Ğ°Ğ²ÑŒÑ‚Ğµ Ğ¿Ğ»Ğ°Ğ½ Ğ² Ñ‚ĞµĞºÑÑ‚Ğ¾Ğ²Ğ¾Ğµ Ğ¿Ğ¾Ğ»Ğµ
3. ĞĞ¿Ñ†Ğ¸Ğ¾Ğ½Ğ°Ğ»ÑŒĞ½Ğ¾ Ğ´Ğ¾Ğ±Ğ°Ğ²ÑŒÑ‚Ğµ Ğ½Ğ°Ğ·Ğ²Ğ°Ğ½Ğ¸Ğµ Ğ¿Ğ»Ğ°Ğ½Ğ°
4. ĞĞ°Ğ¶Ğ¼Ğ¸Ñ‚Ğµ "Submit"

## Ğ˜Ğ½Ñ‚ĞµÑ€Ğ¿Ñ€ĞµÑ‚Ğ°Ñ†Ğ¸Ñ Ñ€ĞµĞ·ÑƒĞ»ÑŒÑ‚Ğ°Ñ‚Ğ¾Ğ²

### ĞšĞ¾Ğ»Ğ¾Ğ½ĞºĞ¸ Ñ‚Ğ°Ğ±Ğ»Ğ¸Ñ†Ñ‹

| ĞšĞ¾Ğ»Ğ¾Ğ½ĞºĞ° | ĞĞ¿Ğ¸ÑĞ°Ğ½Ğ¸Ğµ |
|---------|----------|
| **exclusive** | Ğ’Ñ€ĞµĞ¼Ñ, Ğ¿Ğ¾Ñ‚Ñ€Ğ°Ñ‡ĞµĞ½Ğ½Ğ¾Ğµ Ñ‚Ğ¾Ğ»ÑŒĞºĞ¾ ÑÑ‚Ğ¸Ğ¼ ÑƒĞ·Ğ»Ğ¾Ğ¼ (Ğ±ĞµĞ· Ğ´Ğ¾Ñ‡ĞµÑ€Ğ½Ğ¸Ñ…) |
| **inclusive** | ĞĞ±Ñ‰ĞµĞµ Ğ²Ñ€ĞµĞ¼Ñ ÑƒĞ·Ğ»Ğ° (Ğ²ĞºĞ»ÑÑ‡Ğ°Ñ Ğ´Ğ¾Ñ‡ĞµÑ€Ğ½Ğ¸Ğµ) |
| **rows x** | ĞÑ‚Ğ½Ğ¾ÑˆĞµĞ½Ğ¸Ğµ actual rows / estimated rows |
| **rows** | ĞšĞ¾Ğ»Ğ¸Ñ‡ĞµÑÑ‚Ğ²Ğ¾ Ğ¾Ğ±Ñ€Ğ°Ğ±Ğ¾Ñ‚Ğ°Ğ½Ğ½Ñ‹Ñ… ÑÑ‚Ñ€Ğ¾Ğº |
| **loops** | ĞšĞ¾Ğ»Ğ¸Ñ‡ĞµÑÑ‚Ğ²Ğ¾ Ğ¸Ñ‚ĞµÑ€Ğ°Ñ†Ğ¸Ğ¹ ÑƒĞ·Ğ»Ğ° |

### Ğ¦Ğ²ĞµÑ‚Ğ¾Ğ²Ğ°Ñ Ğ¸Ğ½Ğ´Ğ¸ĞºĞ°Ñ†Ğ¸Ñ

depesz Ğ¸ÑĞ¿Ğ¾Ğ»ÑŒĞ·ÑƒĞµÑ‚ Ñ†Ğ²ĞµÑ‚Ğ° Ğ´Ğ»Ñ Ğ²Ñ‹Ğ´ĞµĞ»ĞµĞ½Ğ¸Ñ Ğ¿Ñ€Ğ¾Ğ±Ğ»ĞµĞ¼Ğ½Ñ‹Ñ… Ğ¼ĞµÑÑ‚:

| Ğ¦Ğ²ĞµÑ‚ | Ğ—Ğ½Ğ°Ñ‡ĞµĞ½Ğ¸Ğµ |
|------|----------|
| ğŸŸ¢ **Ğ—ĞµĞ»ĞµĞ½Ñ‹Ğ¹** | ĞĞ¾Ñ€Ğ¼Ğ°Ğ»ÑŒĞ½Ğ¾Ğµ Ğ²Ñ€ĞµĞ¼Ñ Ğ²Ñ‹Ğ¿Ğ¾Ğ»Ğ½ĞµĞ½Ğ¸Ñ |
| ğŸŸ¡ **Ğ–ĞµĞ»Ñ‚Ñ‹Ğ¹** | Ğ’Ñ€ĞµĞ¼Ñ Ğ²Ñ‹ÑˆĞµ ÑÑ€ĞµĞ´Ğ½ĞµĞ³Ğ¾, ÑÑ‚Ğ¾Ğ¸Ñ‚ Ğ¾Ğ±Ñ€Ğ°Ñ‚Ğ¸Ñ‚ÑŒ Ğ²Ğ½Ğ¸Ğ¼Ğ°Ğ½Ğ¸Ğµ |
| ğŸŸ  **ĞÑ€Ğ°Ğ½Ğ¶ĞµĞ²Ñ‹Ğ¹** | Ğ—Ğ½Ğ°Ñ‡Ğ¸Ñ‚ĞµĞ»ÑŒĞ½Ğ¾Ğµ Ğ²Ñ€ĞµĞ¼Ñ, Ğ²Ğ¾Ğ·Ğ¼Ğ¾Ğ¶Ğ½Ğ° Ğ¾Ğ¿Ñ‚Ğ¸Ğ¼Ğ¸Ğ·Ğ°Ñ†Ğ¸Ñ |
| ğŸ”´ **ĞšÑ€Ğ°ÑĞ½Ñ‹Ğ¹** | Ğ£Ğ·ĞºĞ¾Ğµ Ğ¼ĞµÑÑ‚Ğ¾, Ñ‚Ñ€ĞµĞ±ÑƒĞµÑ‚ Ğ¾Ğ¿Ñ‚Ğ¸Ğ¼Ğ¸Ğ·Ğ°Ñ†Ğ¸Ğ¸ |

### Exclusive vs Inclusive Ğ²Ñ€ĞµĞ¼Ñ

ĞŸĞ¾Ğ½Ğ¸Ğ¼Ğ°Ğ½Ğ¸Ğµ Ñ€Ğ°Ğ·Ğ½Ğ¸Ñ†Ñ‹ ĞºÑ€Ğ¸Ñ‚Ğ¸Ñ‡ĞµÑĞºĞ¸ Ğ²Ğ°Ğ¶Ğ½Ğ¾:

```
Node A (inclusive: 100ms)
  â””â”€â”€ Node B (inclusive: 80ms, exclusive: 80ms)

Node A exclusive = 100ms - 80ms = 20ms
```

**Exclusive** Ğ¿Ğ¾ĞºĞ°Ğ·Ñ‹Ğ²Ğ°ĞµÑ‚, ÑĞºĞ¾Ğ»ÑŒĞºĞ¾ Ğ²Ñ€ĞµĞ¼ĞµĞ½Ğ¸ Ğ¿Ğ¾Ñ‚Ñ€Ğ°Ñ‚Ğ¸Ğ» Ğ¸Ğ¼ĞµĞ½Ğ½Ğ¾ ÑÑ‚Ğ¾Ñ‚ ÑƒĞ·ĞµĞ», Ğ±ĞµĞ· ÑƒÑ‡ĞµÑ‚Ğ° Ğ´Ğ¾Ñ‡ĞµÑ€Ğ½Ğ¸Ñ… Ğ¾Ğ¿ĞµÑ€Ğ°Ñ†Ğ¸Ğ¹. Ğ­Ñ‚Ğ¾ ĞºĞ»ÑÑ‡ĞµĞ²Ğ¾Ğ¹ Ğ¿Ğ¾ĞºĞ°Ğ·Ğ°Ñ‚ĞµĞ»ÑŒ Ğ´Ğ»Ñ Ğ¿Ğ¾Ğ¸ÑĞºĞ° ÑƒĞ·ĞºĞ¸Ñ… Ğ¼ĞµÑÑ‚.

## ĞŸÑ€Ğ¸Ğ¼ĞµÑ€ Ğ°Ğ½Ğ°Ğ»Ğ¸Ğ·Ğ°

### ĞŸÑ€Ğ¾Ğ±Ğ»ĞµĞ¼Ğ½Ñ‹Ğ¹ Ğ¿Ğ»Ğ°Ğ½

ĞŸĞ¾ÑĞ»Ğµ Ğ·Ğ°Ğ³Ñ€ÑƒĞ·ĞºĞ¸ Ğ¿Ğ»Ğ°Ğ½Ğ° Ğ² depesz Ğ²Ñ‹ ÑƒĞ²Ğ¸Ğ´Ğ¸Ñ‚Ğµ Ñ‡Ñ‚Ğ¾-Ñ‚Ğ¾ Ğ²Ñ€Ğ¾Ğ´Ğµ:

```
| exclusive | inclusive | rows x |   rows   | loops | node                              |
|-----------|-----------|--------|----------|-------|-----------------------------------|
|     0.033 |    89.456 |    1.0 |      100 |     1 | Limit                             |
|     0.025 |    89.145 |    1.0 |      100 |     1 | â†’ Sort                            |
|    21.777 |    87.567 |    2.5 |     2500 |     1 | â†’ HashAggregate                   |
|    30.555 |    65.789 |    2.25|    45000 |     1 | â†’ Hash Join                       |
|    35.234 |    35.234 |    2.25|    45000 |     1 | â†’ Seq Scan on orders              |
|     1.234 |     2.124 |    1.0 |     2000 |     1 | â†’ Hash (Seq Scan on customers)    |
```

### ĞĞ° Ñ‡Ñ‚Ğ¾ Ğ¾Ğ±Ñ€Ğ°Ñ‚Ğ¸Ñ‚ÑŒ Ğ²Ğ½Ğ¸Ğ¼Ğ°Ğ½Ğ¸Ğµ

1. **Seq Scan on orders (35ms exclusive)** - ÑĞ°Ğ¼Ğ°Ñ Ğ´Ğ¾Ğ»Ğ³Ğ°Ñ Ğ¾Ğ¿ĞµÑ€Ğ°Ñ†Ğ¸Ñ
   - Ğ’Ğ¾Ğ·Ğ¼Ğ¾Ğ¶Ğ½Ğ¾, Ğ½ÑƒĞ¶ĞµĞ½ Ğ¸Ğ½Ğ´ĞµĞºÑ Ğ½Ğ° `created_at`
   - rows x = 2.25 Ğ¾Ğ·Ğ½Ğ°Ñ‡Ğ°ĞµÑ‚, Ñ‡Ñ‚Ğ¾ Ğ²ĞµÑ€Ğ½ÑƒĞ»Ğ¾ÑÑŒ Ğ² 2.25 Ñ€Ğ°Ğ·Ğ° Ğ±Ğ¾Ğ»ÑŒÑˆĞµ ÑÑ‚Ñ€Ğ¾Ğº, Ñ‡ĞµĞ¼ Ğ¾Ğ¶Ğ¸Ğ´Ğ°Ğ»Ğ¾ÑÑŒ

2. **Hash Join (30ms exclusive)** - Ğ·Ğ½Ğ°Ñ‡Ğ¸Ñ‚ĞµĞ»ÑŒĞ½Ğ¾Ğµ Ğ²Ñ€ĞµĞ¼Ñ Ğ½Ğ° ÑĞ¾ĞµĞ´Ğ¸Ğ½ĞµĞ½Ğ¸Ğµ
   - ĞŸÑ€Ğ¾Ğ²ĞµÑ€ÑŒÑ‚Ğµ Ğ½Ğ°Ğ»Ğ¸Ñ‡Ğ¸Ğµ Ğ¸Ğ½Ğ´ĞµĞºÑĞ° Ğ½Ğ° `customer_id`

3. **HashAggregate (21ms exclusive)** - Ğ³Ñ€ÑƒĞ¿Ğ¿Ğ¸Ñ€Ğ¾Ğ²ĞºĞ°
   - ĞĞ¾Ñ€Ğ¼Ğ°Ğ»ÑŒĞ½Ğ¾ Ğ´Ğ»Ñ Ñ‚Ğ°ĞºĞ¾Ğ³Ğ¾ Ğ¾Ğ±ÑŠĞµĞ¼Ğ° Ğ´Ğ°Ğ½Ğ½Ñ‹Ñ…

## ĞŸĞ¾Ğ»ĞµĞ·Ğ½Ñ‹Ğµ Ñ„ÑƒĞ½ĞºÑ†Ğ¸Ğ¸

### Ğ¡Ğ¾Ñ…Ñ€Ğ°Ğ½ĞµĞ½Ğ¸Ğµ Ğ¸ ÑˆĞ°Ñ€Ğ¸Ğ½Ğ³

ĞŸĞ¾ÑĞ»Ğµ Ğ¾Ñ‚Ğ¿Ñ€Ğ°Ğ²ĞºĞ¸ Ğ¿Ğ»Ğ°Ğ½Ğ° Ğ²Ñ‹ Ğ¿Ğ¾Ğ»ÑƒÑ‡Ğ°ĞµÑ‚Ğµ ÑƒĞ½Ğ¸ĞºĞ°Ğ»ÑŒĞ½Ñ‹Ğ¹ URL:
```
https://explain.depesz.com/s/ABC123
```

Ğ­Ñ‚Ğ¾Ñ‚ URL Ğ¼Ğ¾Ğ¶Ğ½Ğ¾ Ğ¾Ñ‚Ğ¿Ñ€Ğ°Ğ²Ğ¸Ñ‚ÑŒ ĞºĞ¾Ğ»Ğ»ĞµĞ³Ğ°Ğ¼ Ğ´Ğ»Ñ ÑĞ¾Ğ²Ğ¼ĞµÑÑ‚Ğ½Ğ¾Ğ³Ğ¾ Ğ°Ğ½Ğ°Ğ»Ğ¸Ğ·Ğ°.

### Ğ¡Ñ€Ğ°Ğ²Ğ½ĞµĞ½Ğ¸Ğµ Ğ¿Ğ»Ğ°Ğ½Ğ¾Ğ²

ĞœĞ¾Ğ¶Ğ½Ğ¾ Ğ¾Ñ‚ĞºÑ€Ñ‹Ñ‚ÑŒ Ğ½ĞµÑĞºĞ¾Ğ»ÑŒĞºĞ¾ Ğ¿Ğ»Ğ°Ğ½Ğ¾Ğ² Ğ² Ñ€Ğ°Ğ·Ğ½Ñ‹Ñ… Ğ²ĞºĞ»Ğ°Ğ´ĞºĞ°Ñ… Ğ¸ ÑÑ€Ğ°Ğ²Ğ½Ğ¸Ñ‚ÑŒ:
- Ğ”Ğ¾ Ğ¸ Ğ¿Ğ¾ÑĞ»Ğµ Ğ´Ğ¾Ğ±Ğ°Ğ²Ğ»ĞµĞ½Ğ¸Ñ Ğ¸Ğ½Ğ´ĞµĞºÑĞ°
- Ğ Ğ°Ğ·Ğ½Ñ‹Ğµ Ğ²Ğ°Ñ€Ğ¸Ğ°Ğ½Ñ‚Ñ‹ Ğ¿ĞµÑ€ĞµĞ¿Ğ¸ÑÑ‹Ğ²Ğ°Ğ½Ğ¸Ñ Ğ·Ğ°Ğ¿Ñ€Ğ¾ÑĞ°
- ĞŸĞ»Ğ°Ğ½Ñ‹ Ğ½Ğ° Ñ€Ğ°Ğ·Ğ½Ñ‹Ñ… ÑĞµÑ€Ğ²ĞµÑ€Ğ°Ñ…

### ĞĞ¿Ñ†Ğ¸Ğ¸ Ğ¾Ñ‚Ğ¾Ğ±Ñ€Ğ°Ğ¶ĞµĞ½Ğ¸Ñ

- **Show plan** - Ğ¿Ğ¾ĞºĞ°Ğ·Ğ°Ñ‚ÑŒ Ğ¸ÑÑ…Ğ¾Ğ´Ğ½Ñ‹Ğ¹ Ñ‚ĞµĞºÑÑ‚ Ğ¿Ğ»Ğ°Ğ½Ğ°
- **Stats** - Ğ¾Ğ±Ñ‰Ğ°Ñ ÑÑ‚Ğ°Ñ‚Ğ¸ÑÑ‚Ğ¸ĞºĞ° Ğ¿Ğ¾ Ğ¿Ğ»Ğ°Ğ½Ñƒ
- **Settings** - Ğ½Ğ°ÑÑ‚Ñ€Ğ¾Ğ¹ĞºĞ¸ Ğ¾Ñ‚Ğ¾Ğ±Ñ€Ğ°Ğ¶ĞµĞ½Ğ¸Ñ

## ĞŸÑ€Ğ¸Ğ¼ĞµÑ€ Ğ¸ÑĞ¿Ğ¾Ğ»ÑŒĞ·Ğ¾Ğ²Ğ°Ğ½Ğ¸Ñ Ğ´Ğ»Ñ Ğ¾Ğ¿Ñ‚Ğ¸Ğ¼Ğ¸Ğ·Ğ°Ñ†Ğ¸Ğ¸

### Ğ”Ğ¾ Ğ¾Ğ¿Ñ‚Ğ¸Ğ¼Ğ¸Ğ·Ğ°Ñ†Ğ¸Ğ¸

```sql
-- ĞœĞµĞ´Ğ»ĞµĞ½Ğ½Ñ‹Ğ¹ Ğ·Ğ°Ğ¿Ñ€Ğ¾Ñ
EXPLAIN ANALYZE
SELECT * FROM orders WHERE created_at::date = '2024-01-15';
```

depesz Ğ¿Ğ¾ĞºĞ°Ğ¶ĞµÑ‚ ĞºÑ€Ğ°ÑĞ½Ñ‹Ğ¼ Seq Scan Ğ¸Ğ·-Ğ·Ğ° Ğ¿Ñ€Ğ¸Ğ²ĞµĞ´ĞµĞ½Ğ¸Ñ Ñ‚Ğ¸Ğ¿Ğ°.

### ĞŸĞ¾ÑĞ»Ğµ Ğ¾Ğ¿Ñ‚Ğ¸Ğ¼Ğ¸Ğ·Ğ°Ñ†Ğ¸Ğ¸

```sql
-- Ğ‘Ñ‹ÑÑ‚Ñ€Ñ‹Ğ¹ Ğ·Ğ°Ğ¿Ñ€Ğ¾Ñ
EXPLAIN ANALYZE
SELECT * FROM orders
WHERE created_at >= '2024-01-15' AND created_at < '2024-01-16';
```

depesz Ğ¿Ğ¾ĞºĞ°Ğ¶ĞµÑ‚ Ğ·ĞµĞ»ĞµĞ½Ñ‹Ğ¼ Index Scan.

## ĞĞ³Ñ€Ğ°Ğ½Ğ¸Ñ‡ĞµĞ½Ğ¸Ñ

- **ĞŸÑƒĞ±Ğ»Ğ¸Ñ‡Ğ½Ñ‹Ğ¹ Ğ´Ğ¾ÑÑ‚ÑƒĞ¿** - Ğ¿Ğ»Ğ°Ğ½Ñ‹ Ğ²Ğ¸Ğ´Ğ½Ñ‹ Ğ²ÑĞµĞ¼, ĞºÑ‚Ğ¾ Ğ·Ğ½Ğ°ĞµÑ‚ URL (Ğ½Ğµ Ğ·Ğ°Ğ³Ñ€ÑƒĞ¶Ğ°Ğ¹Ñ‚Ğµ ĞºĞ¾Ğ½Ñ„Ğ¸Ğ´ĞµĞ½Ñ†Ğ¸Ğ°Ğ»ÑŒĞ½Ñ‹Ğµ Ğ´Ğ°Ğ½Ğ½Ñ‹Ğµ)
- **Ğ¢Ğ¾Ğ»ÑŒĞºĞ¾ Ğ°Ğ½Ğ°Ğ»Ğ¸Ğ·** - Ğ½Ğµ Ğ¼Ğ¾Ğ¶ĞµÑ‚ Ğ¸Ğ·Ğ¼ĞµĞ½ÑÑ‚ÑŒ Ğ·Ğ°Ğ¿Ñ€Ğ¾ÑÑ‹ Ğ¸Ğ»Ğ¸ Ğ´Ğ°Ğ²Ğ°Ñ‚ÑŒ Ñ€ĞµĞºĞ¾Ğ¼ĞµĞ½Ğ´Ğ°Ñ†Ğ¸Ğ¸
- **ĞĞµÑ‚ Ğ¸ÑÑ‚Ğ¾Ñ€Ğ¸Ğ¸** - ÑÑ‚Ğ°Ñ€Ñ‹Ğµ Ğ¿Ğ»Ğ°Ğ½Ñ‹ Ğ¼Ğ¾Ğ³ÑƒÑ‚ Ğ±Ñ‹Ñ‚ÑŒ ÑƒĞ´Ğ°Ğ»ĞµĞ½Ñ‹ Ñ‡ĞµÑ€ĞµĞ· Ğ½ĞµĞºĞ¾Ñ‚Ğ¾Ñ€Ğ¾Ğµ Ğ²Ñ€ĞµĞ¼Ñ

## ĞĞ»ÑŒÑ‚ĞµÑ€Ğ½Ğ°Ñ‚Ğ¸Ğ²Ñ‹

Ğ•ÑĞ»Ğ¸ Ğ½ÑƒĞ¶Ğ½Ğ° Ğ¿Ñ€Ğ¸Ğ²Ğ°Ñ‚Ğ½Ğ¾ÑÑ‚ÑŒ, Ğ¼Ğ¾Ğ¶Ğ½Ğ¾ Ñ€Ğ°Ğ·Ğ²ĞµÑ€Ğ½ÑƒÑ‚ÑŒ ÑĞ¾Ğ±ÑÑ‚Ğ²ĞµĞ½Ğ½Ñ‹Ğ¹ ÑĞºĞ·ĞµĞ¼Ğ¿Ğ»ÑÑ€:
- GitHub: https://github.com/depesz/explain.depesz.com
- Ğ£ÑÑ‚Ğ°Ğ½Ğ¾Ğ²ĞºĞ° Ñ‡ĞµÑ€ĞµĞ· Docker Ğ¸Ğ»Ğ¸ Ğ½Ğ°Ğ¿Ñ€ÑĞ¼ÑƒÑ

## Ğ¡ÑÑ‹Ğ»ĞºĞ¸

- [explain.depesz.com](https://explain.depesz.com/)
- [Ğ‘Ğ»Ğ¾Ğ³ depesz](https://www.depesz.com/)
- [GitHub Ñ€ĞµĞ¿Ğ¾Ğ·Ğ¸Ñ‚Ğ¾Ñ€Ğ¸Ğ¹](https://github.com/depesz/explain.depesz.com)
